<?xml version="1.0" encoding="UTF-8"?>
<Site BuildName="Linux-g++"
	BuildStamp="20240421-1936-Experimental"
	Name="kari-Vivo"
	Generator="ctest-3.28.3"
	CompilerName="/usr/bin/g++"
	CompilerVersion="11.4.0"
	OSName="Linux"
	Hostname="kari-Vivo"
	OSRelease="6.5.0-26-generic"
	OSVersion="#26~22.04.1-Ubuntu SMP PREEMPT_DYNAMIC Tue Mar 12 10:22:43 UTC 2"
	OSPlatform="x86_64"
	Is64Bits="1"
	VendorString="GenuineIntel"
	VendorID="Intel Corporation"
	FamilyID="6"
	ModelID="154"
	ProcessorCacheSize="12288"
	NumberOfLogicalCPU="12"
	NumberOfPhysicalCPU="10"
	TotalVirtualMemory="2047"
	TotalPhysicalMemory="15678"
	LogicalProcessorsPerPhysical="1"
	ProcessorClockFrequency="1099.27"
	>
	<Testing>
		<StartDateTime>Apr 21 22:36 EEST</StartDateTime>
		<StartTestTime>1713728185</StartTestTime>
		<TestList/>
		<EndDateTime>Apr 21 22:36 EEST</EndDateTime>
		<EndTestTime>1713728185</EndTestTime>
		<ElapsedMinutes>0</ElapsedMinutes>
	</Testing>
</Site>
