<?xml version="1.0" encoding="UTF-8"?>
<Site BuildName="Linux-g++"
	BuildStamp="20240325-1604-Experimental"
	Name="kari-Vivo"
	Generator="ctest-3.28.3"
	CompilerName="/usr/bin/g++"
	CompilerVersion="11.4.0"
	OSName="Linux"
	Hostname="kari-Vivo"
	OSRelease="6.5.0-21-generic"
	OSVersion="#21~22.04.1-Ubuntu SMP PREEMPT_DYNAMIC Fri Feb  9 13:32:52 UTC 2"
	OSPlatform="x86_64"
	Is64Bits="1"
	VendorString="GenuineIntel"
	VendorID="Intel Corporation"
	FamilyID="6"
	ModelID="154"
	ProcessorCacheSize="12288"
	NumberOfLogicalCPU="12"
	NumberOfPhysicalCPU="10"
	TotalVirtualMemory="2047"
	TotalPhysicalMemory="15678"
	LogicalProcessorsPerPhysical="1"
	ProcessorClockFrequency="921.482"
	>
	<Testing>
		<StartDateTime>Mar 25 18:04 EET</StartDateTime>
		<StartTestTime>1711382694</StartTestTime>
		<TestList/>
		<EndDateTime>Mar 25 18:04 EET</EndDateTime>
		<EndTestTime>1711382694</EndTestTime>
		<ElapsedMinutes>0</ElapsedMinutes>
	</Testing>
</Site>
