<?xml version="1.0" encoding="UTF-8"?>
<Site BuildName="Linux-g++"
	BuildStamp="20240514-0701-Experimental"
	Name="kari-Vivo"
	Generator="ctest-3.28.3"
	CompilerName="/usr/bin/g++"
	CompilerVersion="11.4.0"
	OSName="Linux"
	Hostname="kari-Vivo"
	OSRelease="6.5.0-28-generic"
	OSVersion="#29~22.04.1-Ubuntu SMP PREEMPT_DYNAMIC Thu Apr  4 14:39:20 UTC 2"
	OSPlatform="x86_64"
	Is64Bits="1"
	VendorString="GenuineIntel"
	VendorID="Intel Corporation"
	FamilyID="6"
	ModelID="154"
	ProcessorCacheSize="12288"
	NumberOfLogicalCPU="12"
	NumberOfPhysicalCPU="10"
	TotalVirtualMemory="2047"
	TotalPhysicalMemory="15678"
	LogicalProcessorsPerPhysical="1"
	ProcessorClockFrequency="1003.78"
	>
	<Testing>
		<StartDateTime>May 14 10:01 EEST</StartDateTime>
		<StartTestTime>1715670089</StartTestTime>
		<TestList/>
		<EndDateTime>May 14 10:01 EEST</EndDateTime>
		<EndTestTime>1715670089</EndTestTime>
		<ElapsedMinutes>0</ElapsedMinutes>
	</Testing>
</Site>
